build/app/intermediates/manifest_merge_blame_file/release/manifest-merger-blame-release-report.txt
1<?xml version="1.0" encoding="utf-8"?>
2<manifest xmlns:android="http://schemas.android.com/apk/res/android"
3    package="com.example.iWarden"
4    android:versionCode="1"
5    android:versionName="1.2.6" > <!-- Provide required visibility configuration for API level 30 and above -->
6    <uses-sdk
7        android:minSdkVersion="21"
7-->src/main/AndroidManifest.xml
8        android:targetSdkVersion="31" />
8-->src/main/AndroidManifest.xml
9
10    <uses-permission android:name="android.permission.FOREGROUND_SERVICE" />
10-->src/main/AndroidManifest.xml:3:5-77
10-->src/main/AndroidManifest.xml:3:22-74
11    <uses-permission android:name="android.permission.ACCESS_BACKGROUND_LOCATION" />
11-->src/main/AndroidManifest.xml:4:5-85
11-->src/main/AndroidManifest.xml:4:22-82
12    <uses-permission android:name="android.permission.ACCESS_COARSE_LOCATION" />
12-->src/main/AndroidManifest.xml:5:5-81
12-->src/main/AndroidManifest.xml:5:22-78
13    <uses-permission android:name="android.permission.ACCESS_FINE_LOCATION" />
13-->src/main/AndroidManifest.xml:6:5-78
13-->src/main/AndroidManifest.xml:6:22-76
14    <uses-permission android:name="android.permission.INTERNET" />
14-->src/main/AndroidManifest.xml:7:5-66
14-->src/main/AndroidManifest.xml:7:22-64
15    <uses-permission
15-->src/main/AndroidManifest.xml:8:5-68
16        android:name="android.permission.BLUETOOTH"
16-->src/main/AndroidManifest.xml:8:22-65
17        android:maxSdkVersion="30" />
17-->[:flutter_blue_plus] AndroidManifest.xml:19:9-35
18    <uses-permission
18-->src/main/AndroidManifest.xml:9:5-74
19        android:name="android.permission.BLUETOOTH_ADMIN"
19-->src/main/AndroidManifest.xml:9:22-71
20        android:maxSdkVersion="30" />
20-->[:flutter_blue_plus] AndroidManifest.xml:22:9-35
21
22    <queries>
22-->src/main/AndroidManifest.xml:10:5-21:15
23
24        <!-- If your app checks for SMS support -->
25        <intent>
25-->src/main/AndroidManifest.xml:12:5-15:14
26            <action android:name="android.intent.action.VIEW" />
26-->src/main/AndroidManifest.xml:13:9-61
26-->src/main/AndroidManifest.xml:13:17-58
27
28            <data android:scheme="sms" />
28-->src/main/AndroidManifest.xml:14:9-38
28-->src/main/AndroidManifest.xml:14:15-35
29        </intent>
30        <!-- If your app checks for call support -->
31        <intent>
31-->src/main/AndroidManifest.xml:17:5-20:14
32            <action android:name="android.intent.action.VIEW" />
32-->src/main/AndroidManifest.xml:13:9-61
32-->src/main/AndroidManifest.xml:13:17-58
33
34            <data android:scheme="tel" />
34-->src/main/AndroidManifest.xml:14:9-38
34-->src/main/AndroidManifest.xml:14:15-35
35        </intent>
36        <!-- Needs to be explicitly declared on Android R+ -->
37        <package android:name="com.google.android.apps.maps" />
37-->[com.google.android.gms:play-services-maps:18.1.0] AndroidManifest.xml:33:9-64
37-->[com.google.android.gms:play-services-maps:18.1.0] AndroidManifest.xml:33:18-61
38        <package android:name="com.azure.authenticator" />
38-->[com.microsoft.identity:common:3.6.7] AndroidManifest.xml:20:9-59
38-->[com.microsoft.identity:common:3.6.7] AndroidManifest.xml:20:18-56
39        <package android:name="com.microsoft.identity.testuserapp" />
39-->[com.microsoft.identity:common:3.6.7] AndroidManifest.xml:21:9-70
39-->[com.microsoft.identity:common:3.6.7] AndroidManifest.xml:21:18-67
40        <package android:name="com.microsoft.windowsintune.companyportal" />
40-->[com.microsoft.identity:common:3.6.7] AndroidManifest.xml:22:9-77
40-->[com.microsoft.identity:common:3.6.7] AndroidManifest.xml:22:18-74
41        <!--
42        Required for API Level 30 to make sure we can detect browsers
43        (that don't support custom tabs)
44        -->
45        <intent>
45-->[com.microsoft.identity:common:3.6.7] AndroidManifest.xml:27:9-33:18
46            <action android:name="android.intent.action.VIEW" />
46-->src/main/AndroidManifest.xml:13:9-61
46-->src/main/AndroidManifest.xml:13:17-58
47
48            <category android:name="android.intent.category.BROWSABLE" />
48-->src/main/AndroidManifest.xml:50:17-78
48-->src/main/AndroidManifest.xml:50:27-75
49
50            <data android:scheme="https" />
50-->src/main/AndroidManifest.xml:14:9-38
50-->src/main/AndroidManifest.xml:14:15-35
51        </intent> <!-- Required for API Level 30 to make sure we can detect browsers that support custom tabs -->
52        <!-- https://developers.google.com/web/updates/2020/07/custom-tabs-android-11#detecting_browsers_that_support_custom_tabs -->
53        <intent>
53-->[com.microsoft.identity:common:3.6.7] AndroidManifest.xml:36:9-38:18
54            <action android:name="android.support.customtabs.action.CustomTabsService" />
54-->[com.microsoft.identity:common:3.6.7] AndroidManifest.xml:37:13-90
54-->[com.microsoft.identity:common:3.6.7] AndroidManifest.xml:37:21-87
55        </intent>
56    </queries>
57
58    <uses-permission android:name="android.permission.CAMERA" />
58-->src/main/AndroidManifest.xml:66:5-65
58-->src/main/AndroidManifest.xml:66:22-62
59    <uses-permission android:name="android.permission.ACCESS_NETWORK_STATE" />
59-->[:firebase_analytics] AndroidManifest.xml:9:5-79
59-->[:firebase_analytics] AndroidManifest.xml:9:22-76
60    <uses-permission android:name="android.permission.WAKE_LOCK" />
60-->[:firebase_analytics] AndroidManifest.xml:11:5-68
60-->[:firebase_analytics] AndroidManifest.xml:11:22-65
61    <!--
62         New Bluetooth permissions in Android 12
63           https://developer.android.com/about/versions/12/features/bluetooth-permissions
64    -->
65    <uses-permission android:name="android.permission.BLUETOOTH_SCAN" />
65-->[:flutter_blue_plus] AndroidManifest.xml:13:5-73
65-->[:flutter_blue_plus] AndroidManifest.xml:13:22-70
66    <uses-permission android:name="android.permission.BLUETOOTH_CONNECT" />
66-->[:flutter_blue_plus] AndroidManifest.xml:14:5-76
66-->[:flutter_blue_plus] AndroidManifest.xml:14:22-73
67
68    <uses-feature
68-->[:flutter_pos_printer_platform] AndroidManifest.xml:9:5-11:36
69        android:name="android.hardware.bluetooth"
69-->[:flutter_pos_printer_platform] AndroidManifest.xml:10:9-50
70        android:required="false" />
70-->[:flutter_pos_printer_platform] AndroidManifest.xml:11:9-33
71    <!--
72      Needed only if your app makes the device discoverable to Bluetooth
73      devices.
74    -->
75    <uses-permission android:name="android.permission.BLUETOOTH_ADVERTISE" />
75-->[:flutter_pos_printer_platform] AndroidManifest.xml:30:5-78
75-->[:flutter_pos_printer_platform] AndroidManifest.xml:30:22-75
76    <uses-permission android:name="android.permission.ACCESS_WIFI_STATE" />
76-->[:network_info_plus] AndroidManifest.xml:10:5-76
76-->[:network_info_plus] AndroidManifest.xml:10:22-73
77    <uses-permission android:name="android.permission.RECEIVE_BOOT_COMPLETED" />
77-->[:flutter_local_notifications] AndroidManifest.xml:9:5-81
77-->[:flutter_local_notifications] AndroidManifest.xml:9:22-78
78    <uses-permission android:name="android.permission.VIBRATE" />
78-->[:flutter_local_notifications] AndroidManifest.xml:10:5-66
78-->[:flutter_local_notifications] AndroidManifest.xml:10:22-63
79    <uses-permission android:name="android.permission.USE_FULL_SCREEN_INTENT" />
79-->[:flutter_local_notifications] AndroidManifest.xml:11:5-81
79-->[:flutter_local_notifications] AndroidManifest.xml:11:22-78
80    <uses-permission android:name="android.permission.SCHEDULE_EXACT_ALARM" />
80-->[:flutter_local_notifications] AndroidManifest.xml:12:5-79
80-->[:flutter_local_notifications] AndroidManifest.xml:12:22-76
81    <uses-permission android:name="android.permission.POST_NOTIFICATIONS" />
81-->[:flutter_local_notifications] AndroidManifest.xml:13:5-77
81-->[:flutter_local_notifications] AndroidManifest.xml:13:22-74
82    <uses-permission android:name="android.permission.RECORD_AUDIO" />
82-->[:camera_android] AndroidManifest.xml:10:5-71
82-->[:camera_android] AndroidManifest.xml:10:22-68
83
84    <uses-feature
84-->[com.google.android.gms:play-services-maps:18.1.0] AndroidManifest.xml:26:5-28:35
85        android:glEsVersion="0x00020000"
85-->[com.google.android.gms:play-services-maps:18.1.0] AndroidManifest.xml:27:9-41
86        android:required="true" />
86-->[com.google.android.gms:play-services-maps:18.1.0] AndroidManifest.xml:28:9-32
87
88    <uses-permission android:name="com.google.android.gms.permission.AD_ID" />
88-->[com.google.android.gms:play-services-measurement-api:21.2.2] AndroidManifest.xml:25:5-79
88-->[com.google.android.gms:play-services-measurement-api:21.2.2] AndroidManifest.xml:25:22-76
89    <uses-permission android:name="com.google.android.finsky.permission.BIND_GET_INSTALL_REFERRER_SERVICE" />
89-->[com.google.android.gms:play-services-measurement:21.2.2] AndroidManifest.xml:26:5-110
89-->[com.google.android.gms:play-services-measurement:21.2.2] AndroidManifest.xml:26:22-107
90
91    <permission
91-->[androidx.core:core:1.9.0] AndroidManifest.xml:22:5-24:47
92        android:name="com.example.iWarden.DYNAMIC_RECEIVER_NOT_EXPORTED_PERMISSION"
92-->[androidx.core:core:1.9.0] AndroidManifest.xml:23:9-81
93        android:protectionLevel="signature" />
93-->[androidx.core:core:1.9.0] AndroidManifest.xml:24:9-44
94
95    <uses-permission android:name="com.example.iWarden.DYNAMIC_RECEIVER_NOT_EXPORTED_PERMISSION" />
95-->[androidx.core:core:1.9.0] AndroidManifest.xml:26:5-97
95-->[androidx.core:core:1.9.0] AndroidManifest.xml:26:22-94
96
97    <application
98        android:name="android.app.Application"
98-->src/main/AndroidManifest.xml:24:9-42
99        android:appComponentFactory="androidx.core.app.CoreComponentFactory"
99-->[androidx.core:core:1.9.0] AndroidManifest.xml:28:18-86
100        android:icon="@mipmap/ic_launcher"
100-->src/main/AndroidManifest.xml:25:9-43
101        android:label="iTicket" >
101-->src/main/AndroidManifest.xml:23:9-32
102        <meta-data
102-->src/main/AndroidManifest.xml:26:9-27:73
103            android:name="com.google.android.geo.API_KEY"
103-->src/main/AndroidManifest.xml:26:20-65
104            android:value="AIzaSyDWb27PuihbFAdxkKn2RMu7y_GKpQypeCA" />
104-->src/main/AndroidManifest.xml:27:16-71
105
106        <activity
106-->src/main/AndroidManifest.xml:28:9-44:20
107            android:name="com.example.iWarden.MainActivity"
107-->src/main/AndroidManifest.xml:29:13-41
108            android:configChanges="orientation|keyboardHidden|keyboard|screenSize|smallestScreenSize|locale|layoutDirection|fontScale|screenLayout|density|uiMode"
108-->src/main/AndroidManifest.xml:33:13-163
109            android:exported="true"
109-->src/main/AndroidManifest.xml:30:13-36
110            android:hardwareAccelerated="true"
110-->src/main/AndroidManifest.xml:34:13-47
111            android:launchMode="singleTop"
111-->src/main/AndroidManifest.xml:31:13-43
112            android:theme="@style/LaunchTheme"
112-->src/main/AndroidManifest.xml:32:13-47
113            android:windowSoftInputMode="adjustResize" >
113-->src/main/AndroidManifest.xml:35:13-55
114            <meta-data
114-->src/main/AndroidManifest.xml:36:13-39:17
115                android:name="io.flutter.embedding.android.NormalTheme"
115-->src/main/AndroidManifest.xml:37:15-70
116                android:resource="@style/NormalTheme" />
116-->src/main/AndroidManifest.xml:38:15-52
117
118            <intent-filter>
118-->src/main/AndroidManifest.xml:40:13-43:29
119                <action android:name="android.intent.action.MAIN" />
119-->src/main/AndroidManifest.xml:41:17-68
119-->src/main/AndroidManifest.xml:41:25-66
120
121                <category android:name="android.intent.category.LAUNCHER" />
121-->src/main/AndroidManifest.xml:42:17-76
121-->src/main/AndroidManifest.xml:42:27-74
122            </intent-filter>
123        </activity>
124        <activity
124-->src/main/AndroidManifest.xml:45:9-61:20
125            android:name="com.microsoft.identity.client.BrowserTabActivity"
125-->src/main/AndroidManifest.xml:45:19-82
126            android:exported="true" >
126-->[com.microsoft.identity.client:msal:2.2.3] AndroidManifest.xml:37:13-36
127            <intent-filter>
127-->src/main/AndroidManifest.xml:46:13-60:29
128                <action android:name="android.intent.action.VIEW" />
128-->src/main/AndroidManifest.xml:13:9-61
128-->src/main/AndroidManifest.xml:13:17-58
129
130                <category android:name="android.intent.category.DEFAULT" />
130-->src/main/AndroidManifest.xml:49:17-76
130-->src/main/AndroidManifest.xml:49:27-73
131                <category android:name="android.intent.category.BROWSABLE" />
131-->src/main/AndroidManifest.xml:50:17-78
131-->src/main/AndroidManifest.xml:50:27-75
132
133                <!--
134                    Add in your scheme/host from registered redirect URI
135                    note that the leading "/" is required for android:path
136                -->
137                <data
137-->src/main/AndroidManifest.xml:14:9-38
138                    android:host="com.example.iWarden"
138-->src/main/AndroidManifest.xml:57:21-55
139                    android:path="/VzSiQcXRmi2kyjzcA+mYLEtbGVs="
139-->src/main/AndroidManifest.xml:58:21-65
140                    android:scheme="msauth" />
140-->src/main/AndroidManifest.xml:14:15-35
141            </intent-filter>
142        </activity>
143
144        <meta-data
144-->src/main/AndroidManifest.xml:62:9-64:33
145            android:name="flutterEmbedding"
145-->src/main/AndroidManifest.xml:63:13-44
146            android:value="2" />
146-->src/main/AndroidManifest.xml:64:13-30
147
148        <service
148-->[:firebase_crashlytics] AndroidManifest.xml:10:9-14:19
149            android:name="com.google.firebase.components.ComponentDiscoveryService"
149-->[:firebase_crashlytics] AndroidManifest.xml:10:18-89
150            android:directBootAware="true"
150-->[com.google.firebase:firebase-common:20.3.2] AndroidManifest.xml:34:13-43
151            android:exported="false" >
151-->[com.google.firebase:firebase-firestore:24.6.0] AndroidManifest.xml:18:13-37
152            <meta-data
152-->[:firebase_crashlytics] AndroidManifest.xml:11:13-13:85
153                android:name="com.google.firebase.components:io.flutter.plugins.firebase.crashlytics.FlutterFirebaseAppRegistrar"
153-->[:firebase_crashlytics] AndroidManifest.xml:12:17-130
154                android:value="com.google.firebase.components.ComponentRegistrar" />
154-->[:firebase_crashlytics] AndroidManifest.xml:13:17-82
155            <meta-data
155-->[:cloud_firestore] AndroidManifest.xml:11:13-13:85
156                android:name="com.google.firebase.components:io.flutter.plugins.firebase.firestore.FlutterFirebaseFirestoreRegistrar"
156-->[:cloud_firestore] AndroidManifest.xml:12:17-134
157                android:value="com.google.firebase.components.ComponentRegistrar" />
157-->[:cloud_firestore] AndroidManifest.xml:13:17-82
158            <meta-data
158-->[:firebase_analytics] AndroidManifest.xml:15:13-17:85
159                android:name="com.google.firebase.components:io.flutter.plugins.firebase.analytics.FlutterFirebaseAppRegistrar"
159-->[:firebase_analytics] AndroidManifest.xml:16:17-128
160                android:value="com.google.firebase.components.ComponentRegistrar" />
160-->[:firebase_analytics] AndroidManifest.xml:17:17-82
161            <meta-data
161-->[:firebase_core] AndroidManifest.xml:11:13-13:85
162                android:name="com.google.firebase.components:io.flutter.plugins.firebase.core.FlutterFirebaseCoreRegistrar"
162-->[:firebase_core] AndroidManifest.xml:12:17-124
163                android:value="com.google.firebase.components.ComponentRegistrar" />
163-->[:firebase_core] AndroidManifest.xml:13:17-82
164            <meta-data
164-->[com.google.firebase:firebase-firestore:24.6.0] AndroidManifest.xml:19:13-21:85
165                android:name="com.google.firebase.components:com.google.firebase.firestore.FirestoreRegistrar"
165-->[com.google.firebase:firebase-firestore:24.6.0] AndroidManifest.xml:20:17-111
166                android:value="com.google.firebase.components.ComponentRegistrar" />
166-->[com.google.firebase:firebase-firestore:24.6.0] AndroidManifest.xml:21:17-82
167            <meta-data
167-->[com.google.firebase:firebase-crashlytics:18.3.7] AndroidManifest.xml:17:13-19:85
168                android:name="com.google.firebase.components:com.google.firebase.crashlytics.CrashlyticsRegistrar"
168-->[com.google.firebase:firebase-crashlytics:18.3.7] AndroidManifest.xml:18:17-115
169                android:value="com.google.firebase.components.ComponentRegistrar" />
169-->[com.google.firebase:firebase-crashlytics:18.3.7] AndroidManifest.xml:19:17-82
170            <meta-data
170-->[com.google.android.gms:play-services-measurement-api:21.2.2] AndroidManifest.xml:31:13-33:85
171                android:name="com.google.firebase.components:com.google.firebase.analytics.connector.internal.AnalyticsConnectorRegistrar"
171-->[com.google.android.gms:play-services-measurement-api:21.2.2] AndroidManifest.xml:32:17-139
172                android:value="com.google.firebase.components.ComponentRegistrar" />
172-->[com.google.android.gms:play-services-measurement-api:21.2.2] AndroidManifest.xml:33:17-82
173            <meta-data
173-->[com.google.firebase:firebase-installations:17.1.3] AndroidManifest.xml:17:13-19:85
174                android:name="com.google.firebase.components:com.google.firebase.installations.FirebaseInstallationsRegistrar"
174-->[com.google.firebase:firebase-installations:17.1.3] AndroidManifest.xml:18:17-127
175                android:value="com.google.firebase.components.ComponentRegistrar" />
175-->[com.google.firebase:firebase-installations:17.1.3] AndroidManifest.xml:19:17-82
176        </service>
177        <service
177-->[:geolocator_android] AndroidManifest.xml:12:9-16:56
178            android:name="com.baseflow.geolocator.GeolocatorLocationService"
178-->[:geolocator_android] AndroidManifest.xml:13:13-77
179            android:enabled="true"
179-->[:geolocator_android] AndroidManifest.xml:14:13-35
180            android:exported="false"
180-->[:geolocator_android] AndroidManifest.xml:15:13-37
181            android:foregroundServiceType="location" />
181-->[:geolocator_android] AndroidManifest.xml:16:13-53
182
183        <receiver
183-->[:flutter_local_notifications] AndroidManifest.xml:16:9-18:40
184            android:name="com.dexterous.flutterlocalnotifications.ActionBroadcastReceiver"
184-->[:flutter_local_notifications] AndroidManifest.xml:17:13-91
185            android:exported="false" />
185-->[:flutter_local_notifications] AndroidManifest.xml:18:13-37
186        <receiver
186-->[:flutter_local_notifications] AndroidManifest.xml:19:9-21:40
187            android:name="com.dexterous.flutterlocalnotifications.ScheduledNotificationReceiver"
187-->[:flutter_local_notifications] AndroidManifest.xml:20:13-97
188            android:exported="false" />
188-->[:flutter_local_notifications] AndroidManifest.xml:21:13-37
189        <receiver
189-->[:flutter_local_notifications] AndroidManifest.xml:22:9-31:20
190            android:name="com.dexterous.flutterlocalnotifications.ScheduledNotificationBootReceiver"
190-->[:flutter_local_notifications] AndroidManifest.xml:23:13-101
191            android:exported="false" >
191-->[:flutter_local_notifications] AndroidManifest.xml:24:13-37
192            <intent-filter>
192-->[:flutter_local_notifications] AndroidManifest.xml:25:13-30:29
193                <action android:name="android.intent.action.BOOT_COMPLETED" />
193-->[:flutter_local_notifications] AndroidManifest.xml:26:17-79
193-->[:flutter_local_notifications] AndroidManifest.xml:26:25-76
194                <action android:name="android.intent.action.MY_PACKAGE_REPLACED" />
194-->[:flutter_local_notifications] AndroidManifest.xml:27:17-84
194-->[:flutter_local_notifications] AndroidManifest.xml:27:25-81
195                <action android:name="android.intent.action.QUICKBOOT_POWERON" />
195-->[:flutter_local_notifications] AndroidManifest.xml:28:17-82
195-->[:flutter_local_notifications] AndroidManifest.xml:28:25-79
196                <action android:name="com.htc.intent.action.QUICKBOOT_POWERON" />
196-->[:flutter_local_notifications] AndroidManifest.xml:29:17-82
196-->[:flutter_local_notifications] AndroidManifest.xml:29:25-79
197            </intent-filter>
198        </receiver>
199
200        <service
200-->[:flutter_background_service_android] AndroidManifest.xml:14:9-18:44
201            android:name="id.flutter.flutter_background_service.BackgroundService"
201-->[:flutter_background_service_android] AndroidManifest.xml:15:13-83
202            android:enabled="true"
202-->[:flutter_background_service_android] AndroidManifest.xml:16:13-35
203            android:exported="true"
203-->[:flutter_background_service_android] AndroidManifest.xml:17:13-36
204            android:stopWithTask="false" />
204-->[:flutter_background_service_android] AndroidManifest.xml:18:13-41
205
206        <receiver
206-->[:flutter_background_service_android] AndroidManifest.xml:20:9-23:39
207            android:name="id.flutter.flutter_background_service.WatchdogReceiver"
207-->[:flutter_background_service_android] AndroidManifest.xml:21:13-82
208            android:enabled="true"
208-->[:flutter_background_service_android] AndroidManifest.xml:22:13-35
209            android:exported="true" />
209-->[:flutter_background_service_android] AndroidManifest.xml:23:13-36
210        <receiver
210-->[:flutter_background_service_android] AndroidManifest.xml:24:9-32:20
211            android:name="id.flutter.flutter_background_service.BootReceiver"
211-->[:flutter_background_service_android] AndroidManifest.xml:25:13-78
212            android:enabled="true"
212-->[:flutter_background_service_android] AndroidManifest.xml:26:13-35
213            android:exported="true" >
213-->[:flutter_background_service_android] AndroidManifest.xml:27:13-36
214            <intent-filter>
214-->[:flutter_background_service_android] AndroidManifest.xml:28:13-31:29
215                <action android:name="android.intent.action.BOOT_COMPLETED" />
215-->[:flutter_local_notifications] AndroidManifest.xml:26:17-79
215-->[:flutter_local_notifications] AndroidManifest.xml:26:25-76
216                <action android:name="android.intent.action.QUICKBOOT_POWERON" />
216-->[:flutter_local_notifications] AndroidManifest.xml:28:17-82
216-->[:flutter_local_notifications] AndroidManifest.xml:28:25-79
217            </intent-filter>
218        </receiver>
219
220        <activity
220-->[:url_launcher_android] AndroidManifest.xml:10:9-13:74
221            android:name="io.flutter.plugins.urllauncher.WebViewActivity"
221-->[:url_launcher_android] AndroidManifest.xml:11:13-74
222            android:exported="false"
222-->[:url_launcher_android] AndroidManifest.xml:12:13-37
223            android:theme="@android:style/Theme.NoTitleBar.Fullscreen" />
223-->[:url_launcher_android] AndroidManifest.xml:13:13-71
224
225        <uses-library
225-->[androidx.window:window:1.0.0-beta04] AndroidManifest.xml:25:9-27:40
226            android:name="androidx.window.extensions"
226-->[androidx.window:window:1.0.0-beta04] AndroidManifest.xml:26:13-54
227            android:required="false" />
227-->[androidx.window:window:1.0.0-beta04] AndroidManifest.xml:27:13-37
228        <uses-library
228-->[androidx.window:window:1.0.0-beta04] AndroidManifest.xml:28:9-30:40
229            android:name="androidx.window.sidecar"
229-->[androidx.window:window:1.0.0-beta04] AndroidManifest.xml:29:13-51
230            android:required="false" /> <!-- MSAL activity that will be used to process all the auth related logic -->
230-->[androidx.window:window:1.0.0-beta04] AndroidManifest.xml:30:13-37
231        <activity
231-->[com.microsoft.identity.client:msal:2.2.3] AndroidManifest.xml:16:9-20:47
232            android:name="com.microsoft.identity.common.internal.providers.oauth2.AuthorizationActivity"
232-->[com.microsoft.identity.client:msal:2.2.3] AndroidManifest.xml:17:13-105
233            android:configChanges="orientation|keyboardHidden|screenSize|smallestScreenSize|screenLayout"
233-->[com.microsoft.identity.client:msal:2.2.3] AndroidManifest.xml:18:13-106
234            android:exported="false"
234-->[com.microsoft.identity.client:msal:2.2.3] AndroidManifest.xml:19:13-37
235            android:launchMode="singleTask" />
235-->[com.microsoft.identity.client:msal:2.2.3] AndroidManifest.xml:20:13-44
236        <activity
236-->[com.microsoft.identity.client:msal:2.2.3] AndroidManifest.xml:21:9-25:45
237            android:name="com.microsoft.identity.common.internal.providers.oauth2.CurrentTaskAuthorizationActivity"
237-->[com.microsoft.identity.client:msal:2.2.3] AndroidManifest.xml:22:13-116
238            android:configChanges="orientation|keyboardHidden|screenSize|smallestScreenSize|screenLayout"
238-->[com.microsoft.identity.client:msal:2.2.3] AndroidManifest.xml:23:13-106
239            android:exported="false"
239-->[com.microsoft.identity.client:msal:2.2.3] AndroidManifest.xml:24:13-37
240            android:launchMode="standard" /> <!-- Helper activity for displaying current broker redirect URI configuration -->
240-->[com.microsoft.identity.client:msal:2.2.3] AndroidManifest.xml:25:13-42
241        <activity
241-->[com.microsoft.identity.client:msal:2.2.3] AndroidManifest.xml:28:9-32:45
242            android:name="com.microsoft.identity.client.helper.BrokerHelperActivity"
242-->[com.microsoft.identity.client:msal:2.2.3] AndroidManifest.xml:29:13-85
243            android:configChanges="orientation|keyboardHidden|screenSize|smallestScreenSize|screenLayout"
243-->[com.microsoft.identity.client:msal:2.2.3] AndroidManifest.xml:30:13-106
244            android:exported="false"
244-->[com.microsoft.identity.client:msal:2.2.3] AndroidManifest.xml:31:13-37
245            android:launchMode="standard" />
245-->[com.microsoft.identity.client:msal:2.2.3] AndroidManifest.xml:32:13-42
246        <activity
246-->[com.microsoft.identity.client:msal:2.2.3] AndroidManifest.xml:38:9-40:39
247            android:name="com.microsoft.identity.client.CurrentTaskBrowserTabActivity"
247-->[com.microsoft.identity.client:msal:2.2.3] AndroidManifest.xml:39:13-87
248            android:exported="true" /> <!-- Needs to be explicitly declared on P+ -->
248-->[com.microsoft.identity.client:msal:2.2.3] AndroidManifest.xml:40:13-36
249        <uses-library
249-->[com.google.android.gms:play-services-maps:18.1.0] AndroidManifest.xml:39:9-41:40
250            android:name="org.apache.http.legacy"
250-->[com.google.android.gms:play-services-maps:18.1.0] AndroidManifest.xml:40:13-50
251            android:required="false" />
251-->[com.google.android.gms:play-services-maps:18.1.0] AndroidManifest.xml:41:13-37
252
253        <provider
253-->[com.google.firebase:firebase-common:20.3.2] AndroidManifest.xml:25:9-30:39
254            android:name="com.google.firebase.provider.FirebaseInitProvider"
254-->[com.google.firebase:firebase-common:20.3.2] AndroidManifest.xml:26:13-77
255            android:authorities="com.example.iWarden.firebaseinitprovider"
255-->[com.google.firebase:firebase-common:20.3.2] AndroidManifest.xml:27:13-72
256            android:directBootAware="true"
256-->[com.google.firebase:firebase-common:20.3.2] AndroidManifest.xml:28:13-43
257            android:exported="false"
257-->[com.google.firebase:firebase-common:20.3.2] AndroidManifest.xml:29:13-37
258            android:initOrder="100" /> <!-- Activity to invoke an interactive request to the intent passed by ad-accounts(Broker) -->
258-->[com.google.firebase:firebase-common:20.3.2] AndroidManifest.xml:30:13-36
259        <activity android:name="com.microsoft.identity.common.internal.broker.BrokerActivity" />
259-->[com.microsoft.identity:common:3.6.7] AndroidManifest.xml:50:9-97
259-->[com.microsoft.identity:common:3.6.7] AndroidManifest.xml:50:19-94
260        <activity
260-->[com.google.android.gms:play-services-base:18.1.0] AndroidManifest.xml:20:9-22:45
261            android:name="com.google.android.gms.common.api.GoogleApiActivity"
261-->[com.google.android.gms:play-services-base:18.1.0] AndroidManifest.xml:20:19-85
262            android:exported="false"
262-->[com.google.android.gms:play-services-base:18.1.0] AndroidManifest.xml:22:19-43
263            android:theme="@android:style/Theme.Translucent.NoTitleBar" />
263-->[com.google.android.gms:play-services-base:18.1.0] AndroidManifest.xml:21:19-78
264
265        <receiver
265-->[com.google.android.gms:play-services-measurement:21.2.2] AndroidManifest.xml:29:9-33:20
266            android:name="com.google.android.gms.measurement.AppMeasurementReceiver"
266-->[com.google.android.gms:play-services-measurement:21.2.2] AndroidManifest.xml:30:13-85
267            android:enabled="true"
267-->[com.google.android.gms:play-services-measurement:21.2.2] AndroidManifest.xml:31:13-35
268            android:exported="false" >
268-->[com.google.android.gms:play-services-measurement:21.2.2] AndroidManifest.xml:32:13-37
269        </receiver>
270
271        <service
271-->[com.google.android.gms:play-services-measurement:21.2.2] AndroidManifest.xml:35:9-38:40
272            android:name="com.google.android.gms.measurement.AppMeasurementService"
272-->[com.google.android.gms:play-services-measurement:21.2.2] AndroidManifest.xml:36:13-84
273            android:enabled="true"
273-->[com.google.android.gms:play-services-measurement:21.2.2] AndroidManifest.xml:37:13-35
274            android:exported="false" />
274-->[com.google.android.gms:play-services-measurement:21.2.2] AndroidManifest.xml:38:13-37
275        <service
275-->[com.google.android.gms:play-services-measurement:21.2.2] AndroidManifest.xml:39:9-43:72
276            android:name="com.google.android.gms.measurement.AppMeasurementJobService"